
**** 05/08/18 09:29:59 *********** Evaluation PSpice (Nov 1999) **************

 * W:\TCO\pract_7\mult.sch


 ****     CIRCUIT DESCRIPTION


******************************************************************************




* Schematics Version 9.1 - Web Update 1
* Tue May 08 09:29:58 2018



** Analysis setup **
.tran 0ns 1u
.LIB "W:\TCO\pract_7\NAND_1.lib"
.STMLIB "F_2.stl"
.STMLIB "mult.stl"


* From [PSPICE NETLIST] section of pspiceev.ini:
.lib "nom.lib"

.INC "mult.net"

**** INCLUDING mult.net ****
* Schematics Netlist *

.EXTERNAL INPUT Sel


** AutoGenerated Stimuli from Hierarchical ports **
U_AUTO_STM_6    STIM( 1, 0 ) $G_DPWR $G_DGND Sel IO_STM STIMULUS=Sel


M_M6         $N_0003 $N_0001 $N_0002 $N_0004 MbreakP-X  
+ L=1u  
+ W=1u         
M_M5         $N_0001 Sel $N_0004 $N_0004 MbreakP-X  
+ L=1u  
+ W=1u         
M_M2         $N_0003 Sel $N_0002 0 MbreakN-X  
+ L=1u  
+ W=1u         
M_M4         F $N_0002 0 0 MbreakN-X  
+ L=1u  
+ W=1u         
M_M1         $N_0001 Sel 0 0 MbreakN-X  
+ L=1u  
+ W=1u         
M_M7         $N_0005 Sel $N_0002 $N_0004 MbreakP-X  
+ L=1u  
+ W=1u         
M_M3         $N_0005 $N_0001 $N_0002 0 MbreakN-X  
+ L=1u  
+ W=1u         
V_VDD         $N_0004 0 5V
M_M8         F $N_0002 $N_0004 $N_0004 MbreakP-X  
+ L=1u  
+ W=1u         
V_A         $N_0005 0 5V
V_B         $N_0003 0 0V

**** RESUMING mult.cir ****
.INC "mult.als"



**** INCLUDING mult.als ****
* Schematics Aliases *

.ALIASES
M_M6            M6(d=$N_0003 g=$N_0001 s=$N_0002 b=$N_0004 )
M_M5            M5(d=$N_0001 g=Sel s=$N_0004 b=$N_0004 )
M_M2            M2(d=$N_0003 g=Sel s=$N_0002 b=0 )
M_M4            M4(d=F g=$N_0002 s=0 b=0 )
M_M1            M1(d=$N_0001 g=Sel s=0 b=0 )
M_M7            M7(d=$N_0005 g=Sel s=$N_0002 b=$N_0004 )
M_M3            M3(d=$N_0005 g=$N_0001 s=$N_0002 b=0 )
V_VDD           VDD(+=$N_0004 -=0 )
M_M8            M8(d=F g=$N_0002 s=$N_0004 b=$N_0004 )
V_A             A(+=$N_0005 -=0 )
V_B             B(+=$N_0003 -=0 )
_    _(Sel=Sel)
_    _(F=F)
.ENDALIASES


**** RESUMING mult.cir ****
.probe


.END


**** Generated AtoD and DtoA Interfaces ****

*
* Analog/Digital interface for node Sel
*
* Moving U_AUTO_STM_6:OUT1 from analog node Sel to new digital node Sel$DtoA
X$Sel_DtoA1
+ Sel$DtoA
+ Sel
+ $G_DPWR
+ $G_DGND
+ DtoA_STM
+       PARAMS: DRVH=   0      DRVL=   0      CAPACITANCE=   0     
*
* Analog/Digital interface power supply subcircuits
*

X$DIGIFPWR 0 DIGIFPWR

* W:\TCO\pract_7\F_2.stl written on Tue May 08 08:58:50 2018
* by Stimulus Editor -- Evaluation Version 9.1
;!Stimulus Get
;! C Digital B Digital A Digital
;!Ok
;!Plot Axis_Settings
;!Xrange 0s 4us
;!AutoUniverse
;!XminRes 1ns
;!YminRes 1n
;!Ok
.STIMULUS A STIM (1, 1) ;! CLOCK 4MEGHz 0.5 0 0
+   +0s 0
+   +125ns 1
+   Repeat Forever
+      +125ns 0
+      +125ns 1
+   EndRepeat
.STIMULUS B STIM (1, 1) ;! CLOCKP 500ns 250ns 0 0
+   +0s 0
+   +250ns 1
+   Repeat Forever
+      +250ns 0
+      +250ns 1
+   EndRepeat
.STIMULUS C STIM (1, 1) ;! CLOCK 1MEGHz 0.5 0 0
+   +0s 0
+   +500ns 1
+   Repeat Forever
+      +500ns 0
+      +500ns 1
+   EndRepeat
.STIMULUS C STIM (1, 1)
+   +0s Z
.STIMULUS B STIM (1, 1)
+   +0s Z
.STIMULUS A STIM (1, 1)
+   +0s Z
* W:\TCO\pract_7\mult.stl written on Tue May 08 09:18:41 2018
* by Stimulus Editor -- Evaluation Version 9.1
;!Stimulus Get
;! Sel Digital
;!Ok
;!Plot Axis_Settings
;!Xrange 0s 4us
;!AutoUniverse
;!XminRes 1ns
;!YminRes 1n
;!Ok
.STIMULUS Sel STIM (1, 1) ;! CLOCK 1MHz 0.5 0 0
+   +0s 0
+   +500ns 1
+   Repeat Forever
+      +500ns 0
+      +500ns 1
+   EndRepeat
.STIMULUS Sel STIM (1, 1)
+   +0s Z

**** 05/08/18 09:29:59 *********** Evaluation PSpice (Nov 1999) **************

 * W:\TCO\pract_7\mult.sch


 ****     MOSFET MODEL PARAMETERS


******************************************************************************




               MbreakP-X       MbreakN-X       
               PMOS            NMOS            
       LEVEL    1               1            
           L  100.000000E-06  100.000000E-06 
           W  100.000000E-06  100.000000E-06 
         VTO   -1               1            
          KP   15.000000E-06   15.000000E-06 
       GAMMA    0               0            
         PHI     .6              .6          
      LAMBDA    0               0            
          IS   10.000000E-15   10.000000E-15 
          JS    0               0            
          PB     .8              .8          
        PBSW     .8              .8          
          CJ    0               0            
        CJSW    0               0            
        CGSO    0               0            
        CGDO    0               0            
        CGBO    0               0            
         TOX    0               0            
          XJ    0               0            
       UCRIT   10.000000E+03   10.000000E+03 
      DIOMOD    1               1            
         VFB    0               0            
        LETA    0               0            
        WETA    0               0            
          U0    0               0            
        TEMP    0               0            
         VDD    0               0            
       XPART    0               0            


**** 05/08/18 09:29:59 *********** Evaluation PSpice (Nov 1999) **************

 * W:\TCO\pract_7\mult.sch


 ****     Digital Input MODEL PARAMETERS


******************************************************************************




               DINSTM          
        FILE DSO_DTOA        
      FORMAT    6            
    TIMESTEP  100.000000E-12 
      S0NAME 0               
       S0TSW  500.000000E-12 
       S0RLO     .5          
       S0RHI    1.000000E+03 
      S1NAME 1               
       S1TSW  500.000000E-12 
       S1RLO    1.000000E+03 
       S1RHI     .5          
      S2NAME X               
       S2TSW  500.000000E-12 
       S2RLO     .429        
       S2RHI    1.16         
      S3NAME R               
       S3TSW  500.000000E-12 
       S3RLO     .429        
       S3RHI    1.16         
      S4NAME F               
       S4TSW  500.000000E-12 
       S4RLO     .429        
       S4RHI    1.16         
      S5NAME Z               
       S5TSW  500.000000E-12 
       S5RLO    1.000000E+06 
       S5RHI    1.000000E+06 


**** 05/08/18 09:29:59 *********** Evaluation PSpice (Nov 1999) **************

 * W:\TCO\pract_7\mult.sch


 ****     Digital IO  MODEL PARAMETERS


******************************************************************************




               IO_STM          
        DRVL    0            
        DRVH    0            
       DtoA1 DtoA_STM        
       DtoA2 DtoA_STM        
       DtoA3 DtoA_STM        
       DtoA4 DtoA_STM        
       TPWRT  100.000000E+03 


**** 05/08/18 09:29:59 *********** Evaluation PSpice (Nov 1999) **************

 * W:\TCO\pract_7\mult.sch


 ****     INITIAL TRANSIENT SOLUTION       TEMPERATURE =   27.000 DEG C


******************************************************************************



 NODE   VOLTAGE     NODE   VOLTAGE     NODE   VOLTAGE     NODE   VOLTAGE


(    F) 83.50E-09  (  Sel)     .0025  ($G_DGND)    0.0000                       

($G_DPWR)    5.0000                   ($N_0001)    5.0000                       

($N_0002)    5.0000                   ($N_0003)    0.0000                       

($N_0004)    5.0000                   ($N_0005)    5.0000                   



 DGTL NODE : STATE  DGTL NODE : STATE  DGTL NODE : STATE  DGTL NODE : STATE


(Sel$DtoA) : 0     




    VOLTAGE SOURCE CURRENTS
    NAME         CURRENT

    V_VDD       -1.503E-11
    V_A         -1.503E-11
    V_B          5.010E-12
    X$DIGIFPWR.VDPWR  -5.003E-03
    X$DIGIFPWR.VDGND  -5.000E-06

    TOTAL POWER DISSIPATION   2.50E-02  WATTS



          JOB CONCLUDED

          TOTAL JOB TIME             .20
